SF:lib\domain\usecases\get_movie_recommendations.dart
DA:9,1
DA:11,1
DA:12,2
LF:3
LH:3
end_of_record
SF:lib\domain\usecases\get_movie_detail.dart
DA:9,1
DA:11,1
DA:12,2
LF:3
LH:3
end_of_record
SF:lib\domain\usecases\get_now_playing_movies.dart
DA:9,1
DA:11,1
DA:12,2
LF:3
LH:3
end_of_record
SF:lib\domain\usecases\get_popular_movies.dart
DA:9,1
DA:11,1
DA:12,2
LF:3
LH:3
end_of_record
SF:lib\domain\usecases\get_top_rated_movies.dart
DA:9,1
DA:11,1
DA:12,2
LF:3
LH:3
end_of_record
SF:lib\presentation\bloc\movie_list_bloc\movie_list_state.dart
DA:4,1
DA:6,1
DA:7,1
DA:17,1
DA:19,1
DA:20,2
DA:26,1
DA:28,1
DA:29,2
LF:9
LH:9
end_of_record
SF:lib\presentation\bloc\movie_list_bloc\movie_list_bloc.dart
DA:13,3
DA:14,2
DA:15,2
DA:16,3
DA:17,1
DA:18,4
DA:19,3
DA:27,3
DA:28,2
DA:29,2
DA:30,3
DA:31,1
DA:32,4
DA:33,3
DA:41,3
DA:42,2
DA:43,2
DA:44,3
DA:45,1
DA:46,4
DA:47,3
LF:21
LH:21
end_of_record
SF:lib\presentation\bloc\movie_detail_bloc\movie_detail_event.dart
DA:4,2
DA:6,0
DA:7,0
DA:13,2
DA:15,0
DA:16,0
DA:22,2
DA:24,0
DA:25,0
DA:31,1
DA:33,0
DA:34,0
DA:40,2
DA:42,0
DA:43,0
LF:15
LH:5
end_of_record
SF:lib\presentation\bloc\movie_detail_bloc\movie_detail_state.dart
DA:12,2
DA:22,2
DA:31,2
DA:32,2
DA:33,2
DA:34,1
DA:35,2
DA:36,2
DA:37,2
DA:38,2
DA:42,2
DA:43,2
DA:45,2
DA:54,1
DA:55,1
DA:56,1
DA:57,1
DA:58,1
DA:59,1
DA:60,2
DA:61,1
LF:21
LH:21
end_of_record
SF:lib\presentation\bloc\movie_detail_bloc\movie_detail_bloc.dart
DA:25,1
DA:31,2
DA:32,2
DA:33,3
DA:34,4
DA:35,4
DA:37,1
DA:38,1
DA:39,1
DA:40,2
DA:42,1
DA:46,1
DA:47,1
DA:48,2
DA:55,1
DA:56,1
DA:57,1
DA:58,2
DA:60,1
DA:64,1
DA:65,1
DA:66,2
DA:77,2
DA:78,4
DA:80,1
DA:81,1
DA:82,4
DA:84,1
DA:85,3
DA:89,4
DA:92,2
DA:93,4
DA:95,1
DA:96,1
DA:97,4
DA:99,1
DA:100,3
DA:104,4
DA:107,2
DA:108,4
DA:109,3
LF:41
LH:41
end_of_record
SF:lib\presentation\bloc\popular_movies_bloc\popular_movies_state.dart
DA:4,2
DA:6,1
DA:7,1
DA:17,2
DA:19,1
DA:20,2
DA:26,2
DA:28,1
DA:29,2
LF:9
LH:9
end_of_record
SF:lib\presentation\bloc\popular_movies_bloc\popular_movies_bloc.dart
DA:11,3
DA:12,2
DA:13,2
DA:14,3
DA:15,1
DA:16,4
DA:17,1
DA:18,2
DA:19,1
DA:20,2
LF:10
LH:10
end_of_record
SF:lib\presentation\bloc\top_rated_movies_bloc\top_rated_movies_bloc.dart
DA:11,3
DA:12,2
DA:13,2
DA:14,3
DA:15,1
DA:16,4
DA:17,1
DA:18,2
DA:19,1
DA:20,2
LF:10
LH:10
end_of_record
SF:lib\presentation\bloc\top_rated_movies_bloc\top_rated_movies_state.dart
DA:4,2
DA:6,1
DA:7,1
DA:17,2
DA:19,1
DA:20,2
DA:26,2
DA:28,1
DA:29,2
LF:9
LH:9
end_of_record
SF:lib\presentation\pages\movie_detail_page.dart
DA:18,1
DA:20,1
DA:21,1
DA:25,1
DA:27,1
DA:28,2
DA:29,2
DA:30,4
DA:31,2
DA:32,4
DA:36,1
DA:38,1
DA:39,1
DA:40,1
DA:41,2
DA:43,2
DA:45,1
DA:46,2
DA:47,2
DA:50,2
DA:52,1
DA:53,1
DA:54,2
DA:60,1
DA:61,3
DA:62,2
DA:63,1
DA:64,2
DA:65,1
DA:66,1
DA:68,2
DA:69,1
DA:70,1
DA:71,1
DA:73,1
DA:74,1
DA:77,2
DA:78,1
DA:79,1
DA:80,2
DA:84,1
DA:97,1
DA:99,1
DA:101,3
DA:102,1
DA:103,1
DA:104,1
DA:105,3
DA:107,2
DA:108,1
DA:110,0
DA:112,1
DA:114,1
DA:115,1
DA:116,1
DA:117,1
DA:119,2
DA:126,1
DA:127,1
DA:128,1
DA:130,1
DA:132,1
DA:134,1
DA:135,1
DA:136,2
DA:137,1
DA:139,1
DA:141,1
DA:142,1
DA:143,1
DA:144,1
DA:145,1
DA:146,1
DA:149,3
DA:151,0
DA:154,0
DA:157,1
DA:159,1
DA:160,1
DA:161,1
DA:162,1
DA:163,1
DA:167,1
DA:168,1
DA:169,1
DA:170,1
DA:171,3
DA:173,2
DA:179,4
DA:185,1
DA:186,3
DA:188,1
DA:189,1
DA:190,3
DA:192,1
DA:193,1
DA:195,1
DA:197,1
DA:198,2
DA:200,1
DA:201,1
DA:203,1
DA:205,1
DA:206,1
DA:207,2
DA:208,1
DA:209,1
DA:211,2
DA:212,0
DA:213,2
DA:214,1
DA:216,1
DA:218,1
DA:219,2
DA:220,1
DA:222,1
DA:223,0
DA:224,0
DA:227,0
DA:230,1
DA:231,1
DA:232,1
DA:234,1
DA:236,2
DA:237,1
DA:238,1
DA:240,1
DA:243,0
DA:244,0
DA:250,2
DA:254,0
DA:262,1
DA:264,1
DA:279,1
DA:281,1
DA:284,1
DA:285,1
DA:286,0
DA:287,0
DA:296,1
DA:298,2
DA:299,3
DA:302,1
DA:306,3
DA:309,1
DA:310,1
DA:311,1
DA:313,1
DA:314,1
DA:316,0
LF:150
LH:137
end_of_record
SF:lib\presentation\pages\popular_movies_page.dart
DA:11,1
DA:12,1
DA:16,1
DA:18,1
DA:19,2
DA:20,2
DA:21,2
DA:24,1
DA:26,1
DA:27,1
DA:28,1
DA:30,1
DA:32,1
DA:33,1
DA:34,1
DA:35,1
DA:36,1
DA:38,1
DA:39,1
DA:40,1
DA:41,2
DA:42,1
DA:44,2
DA:46,1
DA:47,1
DA:48,2
DA:50,1
DA:51,1
DA:52,1
DA:53,2
DA:56,0
LF:31
LH:30
end_of_record
SF:lib\presentation\pages\top_rated_movies_page.dart
DA:11,1
DA:12,1
DA:16,1
DA:18,1
DA:19,2
DA:20,2
DA:21,2
DA:24,1
DA:26,1
DA:27,1
DA:28,1
DA:30,1
DA:32,1
DA:33,1
DA:34,1
DA:35,1
DA:36,1
DA:38,1
DA:39,1
DA:40,1
DA:41,2
DA:42,1
DA:44,2
DA:46,1
DA:47,1
DA:48,2
DA:50,1
DA:51,1
DA:52,1
DA:53,3
DA:56,0
LF:31
LH:30
end_of_record
