SF:lib\domain\usecases\get_airing_today_tv_shows.dart
DA:9,1
DA:11,1
DA:12,2
LF:3
LH:3
end_of_record
SF:lib\presentation\provider\airing_today_tv_shows_notifier.dart
DA:9,1
DA:12,2
DA:15,2
DA:18,2
DA:20,1
DA:21,1
DA:22,1
DA:24,3
DA:26,1
DA:27,1
DA:28,2
DA:29,1
DA:30,1
DA:32,1
DA:33,1
DA:34,1
DA:35,1
LF:17
LH:17
end_of_record
SF:lib\domain\usecases\get_popular_tv_shows.dart
DA:9,1
DA:11,1
DA:12,2
LF:3
LH:3
end_of_record
SF:lib\domain\usecases\get_top_rated_tv_shows.dart
DA:9,1
DA:11,1
DA:12,2
LF:3
LH:3
end_of_record
SF:lib\domain\usecases\get_tv_show_detail.dart
DA:9,1
DA:11,1
DA:12,2
LF:3
LH:3
end_of_record
SF:lib\domain\usecases\get_tv_show_recommendations.dart
DA:9,1
DA:11,1
DA:12,2
LF:3
LH:3
end_of_record
SF:lib\domain\usecases\get_tv_show_season_episodes.dart
DA:9,1
DA:11,1
DA:12,2
LF:3
LH:3
end_of_record
SF:lib\presentation\pages\airing_today_tv_show_page.dart
DA:10,1
DA:11,1
DA:15,1
DA:17,1
DA:18,2
DA:19,2
DA:20,1
DA:23,1
DA:25,1
DA:26,1
DA:27,1
DA:29,1
DA:31,1
DA:32,1
DA:33,2
DA:34,1
DA:35,1
DA:37,2
DA:38,1
DA:39,0
DA:40,0
DA:41,0
DA:43,2
DA:46,1
DA:47,1
DA:48,2
LF:26
LH:23
end_of_record
SF:lib\presentation\pages\tv_show_detail_page.dart
DA:18,1
DA:20,1
DA:21,1
DA:25,1
DA:27,1
DA:28,2
DA:29,2
DA:30,3
DA:31,2
DA:32,3
DA:36,1
DA:38,1
DA:39,1
DA:40,1
DA:41,2
DA:42,1
DA:43,1
DA:45,2
DA:46,1
DA:47,1
DA:48,1
DA:50,1
DA:51,1
DA:55,1
DA:56,3
DA:70,1
DA:72,1
DA:74,3
DA:75,1
DA:76,1
DA:77,1
DA:78,3
DA:80,2
DA:81,1
DA:83,0
DA:85,1
DA:87,1
DA:88,1
DA:89,1
DA:90,1
DA:92,2
DA:99,1
DA:100,1
DA:101,1
DA:103,1
DA:105,1
DA:107,1
DA:108,1
DA:109,2
DA:110,1
DA:112,1
DA:114,1
DA:115,1
DA:116,1
DA:117,1
DA:118,1
DA:119,2
DA:122,2
DA:124,0
DA:127,0
DA:131,1
DA:133,1
DA:135,1
DA:138,1
DA:141,2
DA:142,2
DA:144,1
DA:146,1
DA:147,1
DA:148,1
DA:153,1
DA:155,1
DA:156,1
DA:157,1
DA:158,1
DA:159,1
DA:163,1
DA:164,1
DA:165,1
DA:166,1
DA:167,3
DA:169,2
DA:175,4
DA:181,1
DA:182,3
DA:184,1
DA:185,1
DA:187,1
DA:189,1
DA:190,2
DA:192,1
DA:193,1
DA:195,1
DA:197,1
DA:199,1
DA:201,3
DA:202,1
DA:203,3
DA:204,1
DA:206,1
DA:207,0
DA:208,0
DA:211,0
DA:212,0
DA:213,0
DA:218,1
DA:220,1
DA:221,1
DA:224,1
DA:225,1
DA:226,1
DA:227,1
DA:228,1
DA:229,1
DA:231,1
DA:235,1
DA:236,3
DA:240,1
DA:241,1
DA:243,1
DA:245,2
DA:246,1
DA:247,1
DA:249,1
DA:252,0
DA:253,0
DA:254,0
DA:255,0
DA:256,0
DA:257,0
DA:258,0
DA:270,3
DA:271,3
DA:279,1
DA:280,1
DA:282,1
DA:284,1
DA:285,1
DA:286,2
DA:288,1
DA:289,1
DA:291,2
DA:293,0
DA:294,2
DA:296,1
DA:298,1
DA:300,0
DA:301,0
DA:302,0
DA:304,0
DA:305,0
DA:306,0
DA:309,0
DA:312,0
DA:313,0
DA:314,0
DA:316,0
DA:318,0
DA:319,0
DA:320,0
DA:322,0
DA:325,0
DA:326,0
DA:332,2
DA:336,0
DA:344,1
DA:346,1
DA:361,1
DA:363,1
DA:366,1
DA:367,1
DA:368,0
DA:369,0
DA:378,1
DA:380,2
DA:381,3
DA:384,1
DA:388,3
LF:178
LH:142
end_of_record
SF:lib\presentation\pages\tv_show_season_episodes_page.dart
DA:12,1
DA:18,1
DA:20,1
DA:21,1
DA:25,1
DA:27,1
DA:28,2
DA:29,2
DA:30,5
DA:32,1
DA:34,1
DA:35,1
DA:36,4
DA:38,1
DA:40,1
DA:41,1
DA:42,2
DA:43,1
DA:44,1
DA:46,2
DA:47,1
DA:48,0
DA:49,0
DA:50,0
DA:52,2
DA:55,1
DA:56,1
DA:57,2
LF:28
LH:25
end_of_record
SF:lib\presentation\provider\tv_show_detail_notifier.dart
DA:22,1
DA:31,2
DA:34,2
DA:37,2
DA:40,2
DA:43,2
DA:46,2
DA:48,1
DA:49,1
DA:50,1
DA:51,3
DA:52,3
DA:53,1
DA:54,1
DA:55,1
DA:56,2
DA:57,1
DA:59,1
DA:60,1
DA:61,1
DA:62,1
DA:63,1
DA:64,1
DA:65,1
DA:66,2
DA:68,1
DA:69,1
DA:70,1
DA:73,1
DA:74,1
DA:80,2
DA:82,1
DA:83,3
DA:85,2
DA:86,1
DA:87,2
DA:89,1
DA:90,1
DA:94,3
DA:97,1
DA:98,3
DA:100,2
DA:101,0
DA:102,0
DA:104,1
DA:105,1
DA:109,3
DA:112,1
DA:113,3
DA:114,1
DA:115,1
LF:51
LH:49
end_of_record
SF:lib\presentation\provider\tv_show_season_episodes_notifier.dart
DA:9,1
DA:12,2
DA:15,2
DA:18,2
DA:20,1
DA:21,1
DA:22,1
DA:24,3
DA:25,1
DA:26,1
DA:27,2
DA:28,1
DA:29,1
DA:31,1
DA:32,1
DA:33,1
DA:34,1
LF:17
LH:17
end_of_record
SF:lib\presentation\pages\top_rated_tv_shows_page.dart
DA:10,1
DA:11,1
DA:15,1
DA:17,1
DA:18,2
DA:19,2
DA:20,1
DA:23,1
DA:25,1
DA:26,1
DA:27,1
DA:29,1
DA:31,1
DA:32,1
DA:33,2
DA:34,1
DA:35,1
DA:37,2
DA:38,1
DA:39,0
DA:40,0
DA:41,0
DA:43,2
DA:46,1
DA:47,1
DA:48,2
LF:26
LH:23
end_of_record
SF:lib\presentation\provider\top_rated_tv_shows_notifier.dart
DA:9,1
DA:12,2
DA:15,2
DA:18,2
DA:20,1
DA:21,1
DA:22,1
DA:24,3
DA:26,1
DA:27,1
DA:28,2
DA:29,1
DA:30,1
DA:32,1
DA:33,1
DA:34,1
DA:35,1
LF:17
LH:17
end_of_record
SF:lib\presentation\pages\popular_tv_shows_page.dart
DA:10,1
DA:11,1
DA:15,1
DA:17,1
DA:18,2
DA:19,2
DA:20,1
DA:23,1
DA:25,1
DA:26,1
DA:27,1
DA:29,1
DA:31,1
DA:32,1
DA:33,2
DA:34,1
DA:35,1
DA:37,2
DA:38,1
DA:39,0
DA:40,0
DA:41,0
DA:43,2
DA:46,1
DA:47,1
DA:48,2
LF:26
LH:23
end_of_record
SF:lib\presentation\provider\popular_tv_shows_notifier.dart
DA:9,1
DA:12,2
DA:15,2
DA:18,2
DA:20,1
DA:21,1
DA:22,1
DA:24,3
DA:26,1
DA:27,1
DA:28,2
DA:29,1
DA:30,1
DA:32,1
DA:33,1
DA:34,1
DA:35,1
LF:17
LH:17
end_of_record
SF:lib\presentation\provider\tv_show_list_notifier.dart
DA:10,2
DA:13,2
DA:16,2
DA:19,2
DA:22,2
DA:25,2
DA:28,2
DA:30,1
DA:40,1
DA:41,1
DA:42,1
DA:44,3
DA:45,1
DA:46,1
DA:47,1
DA:48,2
DA:49,1
DA:51,1
DA:52,1
DA:53,1
DA:54,1
DA:59,1
DA:60,1
DA:61,1
DA:63,3
DA:64,1
DA:65,1
DA:66,1
DA:67,2
DA:68,1
DA:70,1
DA:71,1
DA:72,1
DA:73,1
DA:78,1
DA:79,1
DA:80,1
DA:82,3
DA:83,1
DA:84,1
DA:85,1
DA:86,2
DA:87,1
DA:89,1
DA:90,1
DA:91,1
DA:92,1
LF:47
LH:47
end_of_record
