SF:lib\domain\usecases\get_airing_today_tv_shows.dart
DA:9,1
DA:11,1
DA:12,2
LF:3
LH:3
end_of_record
SF:lib\domain\usecases\get_popular_tv_shows.dart
DA:9,1
DA:11,1
DA:12,2
LF:3
LH:3
end_of_record
SF:lib\domain\usecases\get_top_rated_tv_shows.dart
DA:9,1
DA:11,1
DA:12,2
LF:3
LH:3
end_of_record
SF:lib\domain\usecases\get_tv_show_detail.dart
DA:9,1
DA:11,1
DA:12,2
LF:3
LH:3
end_of_record
SF:lib\domain\usecases\get_tv_show_recommendations.dart
DA:9,1
DA:11,1
DA:12,2
LF:3
LH:3
end_of_record
SF:lib\domain\usecases\get_tv_show_season_episodes.dart
DA:9,1
DA:11,1
DA:12,2
LF:3
LH:3
end_of_record
SF:lib\presentation\bloc\tv_show_season_episodes\tv_show_season_episodes_state.dart
DA:4,2
DA:6,1
DA:7,1
DA:17,2
DA:19,1
DA:20,2
DA:26,2
DA:28,1
DA:29,2
LF:9
LH:9
end_of_record
SF:lib\presentation\bloc\tv_show_season_episodes\tv_show_season_episodes_event.dart
DA:4,2
DA:6,0
DA:7,0
DA:14,2
DA:16,0
DA:17,0
LF:6
LH:2
end_of_record
SF:lib\presentation\bloc\tv_show_season_episodes\tv_show_season_episodes_bloc.dart
DA:12,3
DA:13,2
DA:14,2
DA:15,5
DA:16,1
DA:17,4
DA:18,1
DA:19,2
DA:20,1
DA:21,2
LF:10
LH:10
end_of_record
SF:lib\presentation\bloc\airing_today_tv_shows_bloc\airing_today_tv_shows_state.dart
DA:4,2
DA:6,1
DA:7,1
DA:17,2
DA:19,1
DA:20,2
DA:26,2
DA:28,1
DA:29,2
LF:9
LH:9
end_of_record
SF:lib\presentation\bloc\airing_today_tv_shows_bloc\airing_today_tv_shows_bloc.dart
DA:11,3
DA:12,2
DA:13,2
DA:14,3
DA:15,1
DA:16,4
DA:17,1
DA:18,2
DA:19,1
DA:20,2
LF:10
LH:10
end_of_record
SF:lib\presentation\bloc\popular_tv_shows_bloc\popular_tv_shows_state.dart
DA:4,2
DA:6,1
DA:7,1
DA:17,2
DA:19,1
DA:20,2
DA:26,2
DA:28,1
DA:29,2
LF:9
LH:9
end_of_record
SF:lib\presentation\bloc\popular_tv_shows_bloc\popular_tv_shows_bloc.dart
DA:11,3
DA:12,2
DA:13,2
DA:14,3
DA:15,1
DA:16,4
DA:17,1
DA:18,2
DA:19,1
DA:20,2
LF:10
LH:10
end_of_record
SF:lib\presentation\bloc\top_rated_tv_shows_bloc\top_rated_tv_shows_state.dart
DA:4,2
DA:6,1
DA:7,1
DA:17,2
DA:19,1
DA:20,2
DA:26,2
DA:28,1
DA:29,2
LF:9
LH:9
end_of_record
SF:lib\presentation\bloc\top_rated_tv_shows_bloc\top_rated_tv_shows_bloc.dart
DA:11,3
DA:12,2
DA:13,2
DA:14,3
DA:15,1
DA:16,4
DA:17,1
DA:18,2
DA:19,1
DA:20,2
LF:10
LH:10
end_of_record
SF:lib\presentation\bloc\tv_show_detail_bloc\tv_show_detail_bloc.dart
DA:25,1
DA:31,2
DA:32,2
DA:33,3
DA:34,4
DA:35,4
DA:37,1
DA:38,1
DA:39,1
DA:40,2
DA:42,1
DA:46,1
DA:47,1
DA:48,2
DA:55,1
DA:56,1
DA:57,1
DA:58,2
DA:60,1
DA:64,1
DA:65,1
DA:66,2
DA:77,2
DA:78,4
DA:80,2
DA:81,1
DA:82,4
DA:84,1
DA:85,3
DA:89,4
DA:92,2
DA:93,4
DA:95,2
DA:96,1
DA:97,4
DA:99,1
DA:100,3
DA:104,4
DA:107,2
DA:108,4
DA:109,3
LF:41
LH:41
end_of_record
SF:lib\presentation\bloc\tv_show_detail_bloc\tv_show_detail_event.dart
DA:4,2
DA:6,0
DA:7,0
DA:13,2
DA:15,0
DA:16,0
DA:22,2
DA:24,0
DA:25,0
DA:31,1
DA:33,0
DA:34,0
DA:40,2
DA:42,0
DA:43,0
LF:15
LH:5
end_of_record
SF:lib\presentation\bloc\tv_show_detail_bloc\tv_show_detail_state.dart
DA:12,2
DA:22,2
DA:31,2
DA:32,2
DA:33,2
DA:34,1
DA:35,2
DA:36,2
DA:37,2
DA:38,2
DA:42,2
DA:43,2
DA:45,2
DA:54,1
DA:55,1
DA:56,1
DA:57,1
DA:58,1
DA:59,1
DA:60,1
DA:61,1
DA:62,1
LF:22
LH:22
end_of_record
SF:lib\presentation\bloc\tv_show_list_bloc\tv_show_list_state.dart
DA:4,1
DA:6,1
DA:7,1
DA:17,1
DA:19,1
DA:20,2
DA:26,1
DA:28,1
DA:29,2
LF:9
LH:9
end_of_record
SF:lib\presentation\bloc\tv_show_list_bloc\tv_show_list_bloc.dart
DA:13,3
DA:14,2
DA:15,2
DA:16,3
DA:17,1
DA:18,4
DA:19,3
DA:27,3
DA:28,2
DA:29,2
DA:30,3
DA:31,1
DA:32,4
DA:33,3
DA:41,3
DA:42,2
DA:43,2
DA:44,3
DA:45,1
DA:46,4
DA:47,3
LF:21
LH:21
end_of_record
SF:lib\presentation\pages\airing_today_tv_show_page.dart
DA:11,1
DA:12,1
DA:16,1
DA:18,1
DA:19,2
DA:20,2
DA:21,2
DA:24,1
DA:26,1
DA:27,1
DA:28,1
DA:30,1
DA:32,1
DA:33,1
DA:34,1
DA:35,1
DA:36,1
DA:38,1
DA:39,1
DA:40,1
DA:41,2
DA:42,1
DA:44,2
DA:46,1
DA:47,1
DA:48,2
DA:50,1
DA:51,1
DA:52,1
DA:53,2
DA:56,0
LF:31
LH:30
end_of_record
SF:lib\presentation\pages\tv_show_detail_page.dart
DA:19,1
DA:21,1
DA:22,1
DA:26,1
DA:28,1
DA:29,2
DA:30,2
DA:31,4
DA:32,2
DA:33,4
DA:37,1
DA:39,1
DA:40,1
DA:41,1
DA:42,2
DA:44,2
DA:46,1
DA:47,2
DA:48,2
DA:51,2
DA:53,1
DA:54,1
DA:55,2
DA:61,1
DA:62,3
DA:63,2
DA:64,1
DA:65,2
DA:66,1
DA:67,1
DA:69,2
DA:70,1
DA:71,1
DA:72,1
DA:74,1
DA:75,1
DA:78,2
DA:79,4
DA:81,1
DA:94,1
DA:96,1
DA:98,3
DA:99,1
DA:100,1
DA:101,1
DA:102,3
DA:104,2
DA:105,1
DA:107,0
DA:109,1
DA:111,1
DA:112,1
DA:113,1
DA:114,1
DA:116,2
DA:123,1
DA:124,1
DA:125,1
DA:127,1
DA:129,1
DA:131,1
DA:132,1
DA:133,2
DA:134,1
DA:136,1
DA:138,1
DA:139,1
DA:140,1
DA:141,1
DA:142,1
DA:143,1
DA:146,3
DA:148,0
DA:151,0
DA:154,1
DA:156,1
DA:157,1
DA:158,1
DA:159,1
DA:160,1
DA:164,1
DA:165,1
DA:166,1
DA:167,1
DA:168,3
DA:170,2
DA:176,4
DA:182,1
DA:183,3
DA:185,1
DA:186,1
DA:188,1
DA:190,1
DA:191,2
DA:193,1
DA:194,1
DA:196,1
DA:198,1
DA:200,1
DA:202,3
DA:203,1
DA:204,3
DA:205,1
DA:207,1
DA:208,0
DA:209,0
DA:213,0
DA:214,0
DA:216,0
DA:219,1
DA:222,1
DA:223,1
DA:226,1
DA:228,1
DA:229,1
DA:230,1
DA:231,1
DA:232,1
DA:235,1
DA:241,1
DA:242,1
DA:245,1
DA:246,1
DA:250,1
DA:251,1
DA:253,1
DA:256,2
DA:258,1
DA:259,1
DA:261,1
DA:263,0
DA:265,0
DA:266,0
DA:268,0
DA:270,0
DA:273,0
DA:276,0
DA:289,1
DA:290,2
DA:291,1
DA:292,2
DA:299,1
DA:300,1
DA:302,1
DA:304,1
DA:305,1
DA:306,2
DA:307,1
DA:308,1
DA:310,2
DA:311,0
DA:312,2
DA:313,1
DA:315,1
DA:317,1
DA:318,2
DA:319,1
DA:321,1
DA:322,0
DA:323,0
DA:326,0
DA:329,1
DA:330,1
DA:331,1
DA:333,1
DA:335,2
DA:336,1
DA:337,1
DA:339,1
DA:342,0
DA:343,0
DA:349,2
DA:353,0
DA:361,1
DA:363,1
DA:378,1
DA:380,1
DA:383,1
DA:384,1
DA:385,0
DA:386,0
DA:395,1
DA:397,2
DA:398,3
DA:401,1
DA:405,3
LF:186
LH:162
end_of_record
SF:lib\presentation\pages\tv_show_season_episodes_page.dart
DA:13,1
DA:19,1
DA:21,1
DA:22,1
DA:26,1
DA:28,1
DA:29,2
DA:30,2
DA:31,6
DA:33,1
DA:35,1
DA:36,1
DA:37,4
DA:39,1
DA:41,1
DA:42,1
DA:43,1
DA:44,1
DA:45,1
DA:47,1
DA:48,1
DA:49,1
DA:50,2
DA:51,1
DA:53,2
DA:55,1
DA:56,1
DA:57,2
DA:59,1
DA:60,1
DA:61,1
DA:62,2
DA:65,0
LF:33
LH:32
end_of_record
SF:lib\presentation\pages\popular_tv_shows_page.dart
DA:11,1
DA:12,1
DA:16,1
DA:18,1
DA:19,2
DA:20,2
DA:21,2
DA:24,1
DA:26,1
DA:27,1
DA:28,1
DA:30,1
DA:32,1
DA:33,1
DA:34,1
DA:35,1
DA:36,1
DA:38,1
DA:39,1
DA:40,1
DA:41,2
DA:42,1
DA:44,2
DA:46,1
DA:47,1
DA:48,2
DA:50,1
DA:51,1
DA:52,1
DA:53,2
DA:56,0
LF:31
LH:30
end_of_record
SF:lib\presentation\pages\top_rated_tv_shows_page.dart
DA:11,1
DA:12,1
DA:16,1
DA:18,1
DA:19,2
DA:20,2
DA:21,2
DA:24,1
DA:26,1
DA:27,1
DA:28,1
DA:30,1
DA:32,1
DA:33,1
DA:34,1
DA:35,1
DA:36,1
DA:38,1
DA:39,1
DA:40,1
DA:41,2
DA:42,1
DA:44,2
DA:46,1
DA:47,1
DA:48,2
DA:50,1
DA:51,1
DA:52,1
DA:53,3
DA:56,0
LF:31
LH:30
end_of_record
