SF:lib\domain\usecases\search_movies.dart
DA:9,1
DA:11,1
DA:12,2
LF:3
LH:3
end_of_record
SF:lib\domain\usecases\search_tv_shows.dart
DA:10,1
DA:12,1
DA:13,2
LF:3
LH:3
end_of_record
SF:lib\presentation\bloc\search_bloc.dart
DA:15,3
DA:16,2
DA:17,1
DA:18,2
DA:19,3
DA:20,1
DA:21,4
DA:22,1
DA:23,2
DA:24,1
DA:25,2
DA:29,1
DA:35,3
DA:36,2
DA:37,1
DA:38,2
DA:39,3
DA:40,1
DA:41,4
DA:42,1
DA:43,2
DA:44,1
DA:45,2
DA:49,1
DA:53,1
DA:54,3
LF:26
LH:26
end_of_record
SF:lib\presentation\bloc\search_state.dart
DA:4,1
DA:6,1
DA:7,1
DA:13,1
DA:15,1
DA:16,2
DA:24,1
DA:26,1
DA:27,2
DA:33,1
DA:35,1
DA:36,2
LF:12
LH:12
end_of_record
SF:lib\presentation\bloc\search_event.dart
DA:4,1
DA:6,0
DA:7,0
DA:13,1
DA:15,0
DA:16,0
LF:6
LH:2
end_of_record
