SF:lib\data\datasources\movie_remote_data_source.dart
DA:24,1
DA:27,1
DA:29,5
DA:31,2
DA:32,4
DA:34,1
DA:39,1
DA:41,5
DA:43,2
DA:44,3
DA:46,1
DA:51,1
DA:52,2
DA:53,3
DA:55,2
DA:56,4
DA:58,1
DA:63,1
DA:65,5
DA:67,2
DA:68,4
DA:70,1
DA:75,1
DA:77,5
DA:79,2
DA:80,4
DA:82,1
DA:87,1
DA:88,2
DA:89,3
DA:91,2
DA:92,4
DA:94,1
LF:33
LH:33
end_of_record
SF:lib\data\models\movie_detail_model.dart
DA:6,2
DA:52,1
DA:53,1
DA:54,1
DA:55,1
DA:56,1
DA:57,1
DA:58,4
DA:59,1
DA:60,1
DA:61,1
DA:62,1
DA:63,1
DA:64,1
DA:65,2
DA:66,1
DA:67,1
DA:68,1
DA:69,1
DA:70,1
DA:71,1
DA:72,1
DA:73,1
DA:74,2
DA:75,1
DA:78,0
DA:79,0
DA:80,0
DA:81,0
DA:82,0
DA:83,0
DA:84,0
DA:85,0
DA:86,0
DA:87,0
DA:88,0
DA:89,0
DA:90,0
DA:91,0
DA:92,0
DA:93,0
DA:94,0
DA:95,0
DA:96,0
DA:97,0
DA:98,0
DA:99,0
DA:102,1
DA:103,1
DA:104,1
DA:105,1
DA:106,5
DA:107,1
DA:108,1
DA:109,1
DA:110,1
DA:111,1
DA:112,1
DA:113,1
DA:114,1
DA:115,1
DA:119,1
DA:120,1
DA:121,1
DA:122,1
DA:123,1
DA:124,1
DA:125,1
DA:126,1
DA:127,1
DA:128,1
DA:129,1
DA:130,1
DA:131,1
DA:132,1
DA:133,1
DA:134,1
DA:135,1
DA:136,1
DA:137,1
DA:138,1
DA:139,1
DA:140,1
DA:141,1
LF:84
LH:62
end_of_record
SF:lib\data\models\movie_response.dart
DA:7,2
DA:9,4
DA:10,4
DA:11,6
DA:12,6
DA:15,2
DA:16,5
DA:19,1
DA:20,2
LF:9
LH:9
end_of_record
SF:lib\common\exception.dart
DA:6,4
DA:12,4
LF:2
LH:2
end_of_record
SF:lib\common\failure.dart
DA:6,15
DA:8,2
DA:9,4
DA:13,28
DA:17,4
DA:21,10
DA:25,4
LF:7
LH:7
end_of_record
SF:lib\common\network_info.dart
DA:10,0
DA:12,0
DA:13,0
LF:3
LH:0
end_of_record
SF:lib\data\datasources\db\database_helper.dart
DA:9,0
DA:13,0
DA:17,0
DA:19,0
DA:29,0
DA:30,0
DA:31,0
DA:33,0
DA:37,0
DA:38,0
DA:45,0
DA:46,0
DA:55,0
DA:56,0
DA:63,0
DA:64,0
DA:73,0
DA:76,0
DA:79,0
DA:80,0
DA:81,0
DA:82,0
DA:83,0
DA:84,0
DA:89,0
DA:90,0
DA:91,0
DA:94,0
DA:100,0
DA:101,0
DA:102,0
DA:105,0
DA:109,0
DA:110,0
DA:111,0
DA:114,0
DA:115,0
DA:116,0
DA:119,0
DA:123,0
DA:124,0
DA:125,0
DA:128,0
DA:131,0
DA:132,0
DA:138,0
DA:139,0
DA:140,0
DA:146,0
DA:149,0
DA:150,0
DA:151,0
DA:152,0
DA:153,0
DA:154,0
DA:159,0
DA:160,0
DA:161,0
DA:164,0
DA:170,0
DA:171,0
DA:172,0
DA:175,0
DA:179,0
DA:180,0
DA:181,0
DA:184,0
DA:185,0
DA:186,0
DA:189,0
DA:193,0
DA:194,0
DA:195,0
DA:198,0
DA:201,0
DA:202,0
DA:208,0
DA:209,0
DA:210,0
LF:79
LH:0
end_of_record
SF:lib\data\datasources\movie_local_data_source.dart
DA:21,1
DA:24,1
DA:26,3
DA:29,2
DA:34,1
DA:36,3
DA:39,2
DA:44,1
DA:45,3
DA:47,1
DA:54,1
DA:55,3
DA:56,4
DA:60,1
DA:61,3
DA:62,3
DA:66,1
DA:67,3
DA:68,2
DA:69,4
DA:71,1
DA:76,1
DA:77,3
DA:78,3
DA:82,1
DA:83,3
DA:84,2
DA:85,4
DA:87,1
DA:92,1
DA:93,3
DA:94,3
DA:98,1
DA:99,3
DA:100,2
DA:101,4
DA:103,1
LF:37
LH:37
end_of_record
SF:lib\data\datasources\tv_show_local_data_source.dart
DA:21,1
DA:24,1
DA:26,3
DA:29,2
DA:34,1
DA:36,3
DA:39,2
DA:44,1
DA:45,3
DA:47,1
DA:54,1
DA:55,3
DA:56,4
DA:60,1
DA:61,3
DA:62,3
DA:66,1
DA:67,3
DA:68,2
DA:69,4
DA:71,1
DA:76,1
DA:77,3
DA:78,3
DA:82,1
DA:83,3
DA:84,2
DA:85,4
DA:87,1
DA:92,1
DA:93,3
DA:94,3
DA:98,1
DA:99,3
DA:100,2
DA:101,4
DA:103,1
LF:37
LH:37
end_of_record
SF:lib\data\datasources\tv_show_remote_data_source.dart
DA:27,1
DA:30,1
DA:32,5
DA:34,2
DA:35,4
DA:37,1
DA:42,1
DA:44,5
DA:46,2
DA:47,3
DA:49,1
DA:54,1
DA:56,5
DA:58,2
DA:59,4
DA:61,1
DA:66,1
DA:67,2
DA:68,3
DA:70,2
DA:71,4
DA:73,1
DA:78,1
DA:80,5
DA:82,2
DA:83,4
DA:85,1
DA:90,1
DA:92,5
DA:94,2
DA:95,4
DA:97,1
DA:102,1
DA:103,2
DA:104,3
DA:106,2
DA:107,4
DA:109,1
LF:38
LH:38
end_of_record
SF:lib\data\models\episode_model.dart
DA:5,3
DA:29,4
DA:30,4
DA:31,4
DA:32,4
DA:33,4
DA:34,4
DA:35,4
DA:36,4
DA:37,4
DA:38,6
DA:39,4
DA:42,0
DA:43,0
DA:44,0
DA:45,0
DA:46,0
DA:47,0
DA:48,0
DA:49,0
DA:50,0
DA:51,0
DA:52,0
DA:55,1
DA:56,1
DA:57,1
DA:58,1
DA:59,1
DA:60,1
DA:61,1
DA:62,1
DA:63,1
DA:64,1
DA:65,1
DA:66,1
DA:70,2
DA:71,2
DA:72,2
DA:73,2
DA:74,2
DA:75,2
DA:76,2
DA:77,2
DA:78,2
DA:79,2
DA:80,2
DA:81,2
LF:47
LH:36
end_of_record
SF:lib\data\models\movie_model.dart
DA:5,4
DA:35,4
DA:36,2
DA:37,2
DA:38,8
DA:39,2
DA:40,2
DA:41,2
DA:42,4
DA:43,2
DA:44,2
DA:45,2
DA:46,2
DA:47,4
DA:48,2
DA:51,2
DA:52,1
DA:53,1
DA:54,4
DA:55,1
DA:56,1
DA:57,1
DA:58,1
DA:59,1
DA:60,1
DA:61,1
DA:62,1
DA:63,1
DA:64,1
DA:67,2
DA:68,2
DA:69,2
DA:70,2
DA:71,2
DA:72,2
DA:73,2
DA:74,2
DA:75,2
DA:76,2
DA:77,2
DA:78,2
DA:79,2
DA:80,2
DA:81,2
DA:85,2
DA:86,2
DA:87,2
DA:88,2
DA:89,2
DA:90,2
DA:91,2
DA:92,2
DA:93,2
DA:94,2
DA:95,2
DA:96,2
DA:97,2
DA:98,2
DA:99,2
LF:59
LH:59
end_of_record
SF:lib\data\models\movie_table.dart
DA:12,3
DA:19,2
DA:20,1
DA:21,1
DA:22,1
DA:23,1
DA:26,2
DA:27,1
DA:28,1
DA:29,1
DA:30,1
DA:33,2
DA:34,1
DA:35,1
DA:36,1
DA:37,1
DA:40,2
DA:41,1
DA:42,1
DA:43,1
DA:44,1
DA:47,2
DA:48,1
DA:49,1
DA:50,1
DA:51,1
DA:54,2
DA:55,10
LF:28
LH:28
end_of_record
SF:lib\data\models\tv_show_detail_model.dart
DA:7,2
DA:53,1
DA:54,1
DA:55,1
DA:56,4
DA:57,1
DA:58,5
DA:59,1
DA:60,1
DA:61,1
DA:62,1
DA:63,1
DA:64,1
DA:65,1
DA:66,1
DA:67,1
DA:68,2
DA:69,1
DA:70,5
DA:71,1
DA:72,1
DA:73,1
DA:74,2
DA:75,1
DA:78,0
DA:79,0
DA:80,0
DA:81,0
DA:82,0
DA:83,0
DA:84,0
DA:85,0
DA:86,0
DA:87,0
DA:88,0
DA:89,0
DA:90,0
DA:91,0
DA:92,0
DA:93,0
DA:94,0
DA:95,0
DA:96,0
DA:97,0
DA:98,0
DA:99,0
DA:102,1
DA:103,1
DA:104,1
DA:105,1
DA:106,5
DA:107,1
DA:108,1
DA:109,1
DA:110,1
DA:111,1
DA:112,5
DA:113,1
DA:114,1
DA:115,1
DA:119,1
DA:120,1
DA:121,1
DA:122,1
DA:123,1
DA:124,1
DA:125,1
DA:126,1
DA:127,1
DA:128,1
DA:129,1
DA:130,1
DA:131,1
DA:132,1
DA:133,1
DA:134,1
DA:135,1
DA:136,1
DA:137,1
DA:138,1
DA:139,1
DA:140,1
DA:141,1
LF:83
LH:61
end_of_record
SF:lib\data\models\tv_show_model.dart
DA:5,4
DA:31,4
DA:32,2
DA:33,2
DA:34,8
DA:35,2
DA:36,2
DA:37,2
DA:38,2
DA:39,4
DA:40,2
DA:41,4
DA:42,2
DA:45,2
DA:46,1
DA:47,1
DA:48,4
DA:49,1
DA:50,1
DA:51,1
DA:52,1
DA:53,1
DA:54,1
DA:55,1
DA:56,1
DA:59,2
DA:60,2
DA:61,2
DA:62,2
DA:63,2
DA:64,2
DA:65,2
DA:66,2
DA:67,2
DA:68,2
DA:69,2
DA:70,2
DA:71,2
DA:75,2
DA:76,2
DA:77,2
DA:78,2
DA:79,2
DA:80,2
DA:81,2
DA:82,2
DA:83,2
DA:84,2
DA:85,2
DA:86,2
DA:87,2
LF:51
LH:51
end_of_record
SF:lib\data\models\tv_show_table.dart
DA:12,3
DA:19,2
DA:20,1
DA:21,1
DA:22,1
DA:23,1
DA:26,2
DA:27,1
DA:28,1
DA:29,1
DA:30,1
DA:33,2
DA:34,1
DA:35,1
DA:36,1
DA:37,1
DA:40,2
DA:41,1
DA:42,1
DA:43,1
DA:44,1
DA:47,2
DA:48,1
DA:49,1
DA:50,1
DA:51,1
DA:54,2
DA:55,10
LF:28
LH:28
end_of_record
SF:lib\domain\entities\episode.dart
DA:4,3
DA:28,1
DA:29,1
DA:30,1
DA:31,1
DA:32,1
DA:33,1
DA:34,1
DA:35,1
DA:36,1
DA:37,1
DA:38,1
DA:39,1
LF:13
LH:13
end_of_record
SF:lib\domain\entities\movie.dart
DA:5,9
DA:21,2
DA:42,2
DA:43,2
DA:44,2
DA:45,2
DA:46,2
DA:47,2
DA:48,2
DA:49,2
DA:50,2
DA:51,2
DA:52,2
DA:53,2
DA:54,2
DA:55,2
DA:56,2
LF:17
LH:17
end_of_record
SF:lib\domain\entities\movie_detail.dart
DA:5,6
DA:33,1
DA:34,1
DA:35,1
DA:36,1
DA:37,1
DA:38,1
DA:39,1
DA:40,1
DA:41,1
DA:42,1
DA:43,1
DA:44,1
DA:45,1
LF:14
LH:14
end_of_record
SF:lib\domain\entities\tv_show.dart
DA:5,10
DA:19,1
DA:38,2
DA:39,2
DA:40,2
DA:41,2
DA:42,2
DA:43,2
DA:44,2
DA:45,2
DA:46,2
DA:47,2
DA:48,2
DA:49,2
DA:50,2
LF:15
LH:15
end_of_record
SF:lib\domain\entities\tv_show_detail.dart
DA:6,6
DA:35,1
DA:36,1
DA:37,1
DA:38,1
DA:39,1
DA:40,1
DA:41,1
DA:42,1
DA:43,1
DA:44,1
DA:45,1
DA:46,1
DA:47,1
DA:48,1
LF:15
LH:15
end_of_record
SF:lib\data\models\episode_response.dart
DA:5,2
DA:11,2
DA:12,2
DA:13,2
DA:14,8
DA:17,1
DA:18,2
LF:7
LH:7
end_of_record
SF:lib\data\models\tv_show_response.dart
DA:7,2
DA:9,4
DA:10,4
DA:11,6
DA:12,6
DA:15,2
DA:16,5
DA:19,1
DA:20,2
LF:9
LH:9
end_of_record
SF:lib\data\models\genre_model.dart
DA:5,4
DA:13,4
DA:14,2
DA:15,2
DA:18,0
DA:19,0
DA:20,0
DA:23,2
DA:24,6
DA:27,2
DA:28,6
LF:11
LH:8
end_of_record
SF:lib\domain\entities\genre.dart
DA:4,12
DA:12,2
DA:13,6
LF:3
LH:3
end_of_record
SF:lib\data\models\season_model.dart
DA:5,2
DA:23,2
DA:24,2
DA:25,1
DA:26,1
DA:27,1
DA:28,1
DA:29,1
DA:30,1
DA:33,0
DA:34,0
DA:35,0
DA:36,0
DA:37,0
DA:38,0
DA:39,0
DA:40,0
DA:43,1
DA:44,1
DA:45,1
DA:46,1
DA:47,1
DA:48,1
DA:49,1
DA:50,1
DA:51,1
DA:55,1
DA:56,1
DA:57,1
DA:58,1
DA:59,1
DA:60,1
DA:61,1
DA:62,1
DA:63,1
LF:35
LH:27
end_of_record
SF:lib\domain\entities\season.dart
DA:4,6
DA:22,1
DA:23,1
DA:24,1
DA:25,1
DA:26,1
DA:27,1
DA:28,1
DA:29,1
DA:30,1
LF:10
LH:10
end_of_record
SF:lib\data\repositories\movie_repository_impl.dart
DA:19,1
DA:26,1
DA:27,3
DA:29,3
DA:30,2
DA:31,4
DA:32,5
DA:33,1
DA:34,2
DA:38,3
DA:39,5
DA:40,1
DA:41,3
DA:47,1
DA:49,3
DA:50,2
DA:51,1
DA:52,2
DA:53,1
DA:54,2
DA:59,1
DA:61,3
DA:62,3
DA:63,1
DA:64,2
DA:65,1
DA:66,2
DA:71,1
DA:72,3
DA:74,3
DA:75,2
DA:76,4
DA:77,5
DA:78,1
DA:79,2
DA:83,3
DA:84,5
DA:85,1
DA:86,3
DA:92,1
DA:93,3
DA:95,3
DA:96,2
DA:97,4
DA:98,5
DA:99,1
DA:100,2
DA:104,3
DA:105,5
DA:106,1
DA:107,3
DA:113,1
DA:115,3
DA:116,5
DA:117,1
DA:118,2
DA:119,1
DA:120,2
DA:125,1
DA:128,4
DA:129,1
DA:130,1
DA:131,3
DA:138,1
DA:141,4
DA:142,1
DA:143,1
DA:144,3
DA:149,1
DA:150,3
DA:155,1
DA:156,3
DA:157,5
LF:73
LH:73
end_of_record
SF:lib\data\repositories\tv_show_repository_impl.dart
DA:20,1
DA:27,1
DA:28,3
DA:30,3
DA:31,2
DA:32,4
DA:33,5
DA:34,1
DA:35,2
DA:39,3
DA:40,5
DA:41,1
DA:42,3
DA:48,1
DA:50,3
DA:51,2
DA:52,1
DA:53,2
DA:54,1
DA:55,2
DA:60,1
DA:62,3
DA:63,3
DA:64,1
DA:65,2
DA:66,1
DA:67,2
DA:72,1
DA:74,3
DA:75,3
DA:76,1
DA:77,2
DA:78,1
DA:79,2
DA:84,1
DA:85,3
DA:87,3
DA:88,2
DA:89,4
DA:90,5
DA:91,1
DA:92,2
DA:96,3
DA:97,5
DA:98,1
DA:99,3
DA:105,1
DA:106,3
DA:108,3
DA:109,2
DA:110,4
DA:111,5
DA:112,1
DA:113,2
DA:117,3
DA:118,5
DA:119,1
DA:120,3
DA:126,1
DA:128,3
DA:129,5
DA:130,1
DA:131,2
DA:132,1
DA:133,2
DA:138,1
DA:141,4
DA:142,1
DA:143,1
DA:144,3
DA:151,1
DA:154,4
DA:155,1
DA:156,1
DA:157,3
DA:162,1
DA:163,3
DA:168,1
DA:169,3
DA:170,5
LF:80
LH:80
end_of_record
SF:lib\domain\usecases\get_movie_detail.dart
DA:9,1
DA:11,1
DA:12,2
LF:3
LH:3
end_of_record
SF:lib\domain\usecases\get_movie_recommendations.dart
DA:9,1
DA:11,1
DA:12,2
LF:3
LH:3
end_of_record
SF:lib\domain\usecases\get_airing_today_tv_shows.dart
DA:9,1
DA:11,1
DA:12,2
LF:3
LH:3
end_of_record
SF:lib\domain\usecases\get_now_playing_movies.dart
DA:9,1
DA:11,1
DA:12,2
LF:3
LH:3
end_of_record
SF:lib\domain\usecases\get_popular_movies.dart
DA:9,1
DA:11,1
DA:12,2
LF:3
LH:3
end_of_record
SF:lib\domain\usecases\get_popular_tv_shows.dart
DA:9,1
DA:11,1
DA:12,2
LF:3
LH:3
end_of_record
SF:lib\domain\usecases\get_top_rated_movies.dart
DA:9,1
DA:11,1
DA:12,2
LF:3
LH:3
end_of_record
SF:lib\domain\usecases\get_top_rated_tv_shows.dart
DA:9,1
DA:11,1
DA:12,2
LF:3
LH:3
end_of_record
SF:lib\domain\usecases\get_tv_show_detail.dart
DA:9,1
DA:11,1
DA:12,2
LF:3
LH:3
end_of_record
SF:lib\domain\usecases\get_tv_show_recommendations.dart
DA:9,1
DA:11,1
DA:12,2
LF:3
LH:3
end_of_record
SF:lib\domain\usecases\get_tv_show_season_episodes.dart
DA:9,1
DA:11,1
DA:12,2
LF:3
LH:3
end_of_record
SF:lib\domain\usecases\get_watchlist_movies.dart
DA:9,1
DA:11,1
DA:12,2
LF:3
LH:3
end_of_record
SF:lib\domain\usecases\get_watchlist_status_movie.dart
DA:6,1
DA:8,1
DA:9,2
LF:3
LH:3
end_of_record
SF:lib\domain\usecases\get_watchlist_status_tv_show.dart
DA:6,1
DA:8,1
DA:9,2
LF:3
LH:3
end_of_record
SF:lib\domain\usecases\get_watchlist_tv_shows.dart
DA:9,1
DA:11,1
DA:12,2
LF:3
LH:3
end_of_record
SF:lib\domain\usecases\remove_watchlist_movie.dart
DA:9,1
DA:11,1
DA:12,2
LF:3
LH:3
end_of_record
SF:lib\domain\usecases\remove_watchlist_tv_show.dart
DA:9,1
DA:11,1
DA:12,2
LF:3
LH:3
end_of_record
SF:lib\domain\usecases\save_watchlist_movie.dart
DA:9,1
DA:11,1
DA:12,2
LF:3
LH:3
end_of_record
SF:lib\domain\usecases\save_watchlist_tv_show.dart
DA:9,1
DA:11,1
DA:12,2
LF:3
LH:3
end_of_record
SF:lib\domain\usecases\search_movies.dart
DA:9,1
DA:11,1
DA:12,2
LF:3
LH:3
end_of_record
SF:lib\domain\usecases\search_tv_shows.dart
DA:10,1
DA:12,1
DA:13,2
LF:3
LH:3
end_of_record
SF:lib\common\state_enum.dart
DA:1,24
LF:1
LH:1
end_of_record
SF:lib\presentation\pages\airing_today_tv_show_page.dart
DA:10,1
DA:11,1
DA:15,1
DA:17,1
DA:18,2
DA:19,2
DA:20,1
DA:23,1
DA:25,1
DA:26,1
DA:27,1
DA:29,1
DA:31,1
DA:32,1
DA:33,2
DA:34,1
DA:35,1
DA:37,2
DA:38,1
DA:39,0
DA:40,0
DA:41,0
DA:43,2
DA:46,1
DA:47,1
DA:48,2
LF:26
LH:23
end_of_record
SF:lib\presentation\provider\airing_today_tv_shows_notifier.dart
DA:9,1
DA:12,2
DA:15,2
DA:18,2
DA:20,1
DA:21,1
DA:22,1
DA:24,3
DA:26,1
DA:27,1
DA:28,2
DA:29,1
DA:30,1
DA:32,1
DA:33,1
DA:34,1
DA:35,1
LF:17
LH:17
end_of_record
SF:lib\common\constants.dart
DA:15,4
DA:16,2
DA:17,15
DA:19,0
DA:21,0
DA:25,0
LF:6
LH:3
end_of_record
SF:lib\presentation\widgets\tv_show_card_list.dart
DA:10,1
DA:12,1
DA:14,1
DA:16,1
DA:17,0
DA:18,0
DA:21,0
DA:24,1
DA:26,1
DA:27,1
DA:28,1
DA:34,1
DA:36,1
DA:37,1
DA:38,2
DA:41,1
DA:43,1
DA:44,1
DA:45,2
DA:53,1
DA:58,1
DA:59,1
DA:60,3
DA:62,2
DA:63,1
DA:65,0
DA:67,2
LF:27
LH:23
end_of_record
SF:lib\presentation\pages\tv_show_detail_page.dart
DA:18,1
DA:20,1
DA:21,1
DA:25,1
DA:27,1
DA:28,2
DA:29,2
DA:30,3
DA:31,2
DA:32,3
DA:36,1
DA:38,1
DA:39,1
DA:40,1
DA:41,2
DA:42,0
DA:43,0
DA:45,2
DA:46,1
DA:47,1
DA:48,1
DA:50,1
DA:51,1
DA:55,0
DA:56,0
DA:70,1
DA:72,1
DA:74,3
DA:75,1
DA:76,1
DA:77,1
DA:78,3
DA:80,2
DA:81,1
DA:83,0
DA:85,1
DA:87,1
DA:88,1
DA:89,1
DA:90,1
DA:92,2
DA:99,1
DA:100,1
DA:101,1
DA:103,1
DA:105,1
DA:107,1
DA:108,1
DA:109,2
DA:110,1
DA:112,1
DA:114,1
DA:115,1
DA:116,1
DA:117,1
DA:118,1
DA:119,2
DA:122,2
DA:124,0
DA:127,0
DA:131,1
DA:133,1
DA:135,1
DA:138,1
DA:141,2
DA:142,2
DA:144,1
DA:146,1
DA:147,1
DA:148,1
DA:153,1
DA:155,1
DA:156,1
DA:157,1
DA:158,1
DA:159,1
DA:163,1
DA:164,1
DA:165,1
DA:166,1
DA:167,3
DA:169,2
DA:175,4
DA:181,1
DA:182,3
DA:184,1
DA:185,1
DA:187,1
DA:189,1
DA:190,2
DA:192,1
DA:193,1
DA:195,1
DA:197,1
DA:199,1
DA:201,3
DA:202,1
DA:203,3
DA:204,1
DA:206,1
DA:207,0
DA:208,0
DA:211,0
DA:212,0
DA:213,0
DA:218,1
DA:220,1
DA:221,1
DA:224,1
DA:225,1
DA:226,1
DA:227,1
DA:228,1
DA:229,1
DA:231,1
DA:235,1
DA:236,3
DA:240,1
DA:241,1
DA:243,1
DA:245,2
DA:246,1
DA:247,1
DA:249,1
DA:252,0
DA:253,0
DA:254,0
DA:255,0
DA:256,0
DA:257,0
DA:258,0
DA:270,3
DA:271,3
DA:279,1
DA:280,1
DA:282,1
DA:284,1
DA:285,1
DA:286,2
DA:288,0
DA:289,0
DA:291,2
DA:293,0
DA:294,2
DA:296,1
DA:298,1
DA:300,0
DA:301,0
DA:302,0
DA:304,0
DA:305,0
DA:306,0
DA:309,0
DA:312,0
DA:313,0
DA:314,0
DA:316,0
DA:318,0
DA:319,0
DA:320,0
DA:322,0
DA:325,0
DA:326,0
DA:332,2
DA:336,0
DA:344,1
DA:346,1
DA:361,1
DA:363,1
DA:366,1
DA:367,1
DA:368,0
DA:369,0
DA:378,1
DA:380,2
DA:381,3
DA:384,1
DA:388,3
LF:178
LH:136
end_of_record
SF:lib\presentation\pages\tv_show_season_episodes_page.dart
DA:12,1
DA:18,1
DA:20,1
DA:21,1
DA:25,1
DA:27,1
DA:28,2
DA:29,2
DA:30,5
DA:32,1
DA:34,1
DA:35,1
DA:36,4
DA:38,1
DA:40,1
DA:41,1
DA:42,2
DA:43,1
DA:44,1
DA:46,2
DA:47,1
DA:48,0
DA:49,0
DA:50,0
DA:52,2
DA:55,1
DA:56,1
DA:57,2
LF:28
LH:25
end_of_record
SF:lib\presentation\provider\tv_show_detail_notifier.dart
DA:22,1
DA:31,2
DA:34,2
DA:37,2
DA:40,2
DA:43,2
DA:46,2
DA:48,1
DA:49,1
DA:50,1
DA:51,3
DA:52,3
DA:53,1
DA:54,1
DA:55,1
DA:56,2
DA:57,1
DA:59,1
DA:60,1
DA:61,1
DA:62,1
DA:63,1
DA:64,1
DA:65,1
DA:66,2
DA:68,1
DA:69,1
DA:70,1
DA:73,1
DA:74,1
DA:80,2
DA:82,1
DA:83,3
DA:85,2
DA:86,1
DA:87,2
DA:89,1
DA:90,1
DA:94,3
DA:97,1
DA:98,3
DA:100,2
DA:101,0
DA:102,0
DA:104,1
DA:105,1
DA:109,3
DA:112,1
DA:113,3
DA:114,1
DA:115,1
LF:51
LH:49
end_of_record
SF:lib\presentation\provider\tv_show_season_episodes_notifier.dart
DA:9,1
DA:12,2
DA:15,2
DA:18,2
DA:20,1
DA:21,1
DA:22,1
DA:24,3
DA:25,1
DA:26,1
DA:27,2
DA:28,1
DA:29,1
DA:31,1
DA:32,1
DA:33,1
DA:34,1
LF:17
LH:17
end_of_record
SF:lib\presentation\widgets\episode_card_list.dart
DA:9,1
DA:11,1
DA:13,1
DA:15,1
DA:16,1
DA:18,1
DA:19,1
DA:20,1
DA:26,1
DA:28,1
DA:29,1
DA:30,2
DA:33,1
DA:35,1
DA:36,1
DA:38,1
DA:39,2
DA:40,1
DA:41,5
DA:44,1
DA:45,2
DA:53,1
DA:56,1
DA:57,1
DA:58,1
DA:59,1
DA:60,1
DA:61,1
DA:62,1
DA:64,1
DA:68,1
DA:69,3
DA:73,1
DA:74,1
DA:75,2
DA:77,3
DA:78,2
DA:79,1
DA:81,0
DA:82,0
DA:83,0
DA:84,0
DA:85,0
DA:86,0
LF:44
LH:38
end_of_record
SF:lib\presentation\pages\movie_detail_page.dart
DA:17,1
DA:19,1
DA:20,1
DA:24,1
DA:26,1
DA:27,2
DA:28,2
DA:29,3
DA:30,2
DA:31,3
DA:35,1
DA:37,1
DA:38,1
DA:39,1
DA:40,2
DA:41,0
DA:42,0
DA:44,2
DA:45,1
DA:46,1
DA:47,1
DA:49,1
DA:50,1
DA:54,0
DA:55,0
DA:69,1
DA:71,1
DA:73,3
DA:74,1
DA:75,1
DA:76,1
DA:77,3
DA:79,2
DA:80,1
DA:82,0
DA:84,1
DA:86,1
DA:87,1
DA:88,1
DA:89,1
DA:91,2
DA:98,1
DA:99,1
DA:100,1
DA:102,1
DA:104,1
DA:106,1
DA:107,1
DA:108,2
DA:109,1
DA:111,1
DA:113,1
DA:114,1
DA:115,1
DA:116,1
DA:117,1
DA:118,2
DA:121,2
DA:123,0
DA:126,0
DA:130,1
DA:132,1
DA:134,1
DA:137,1
DA:140,2
DA:141,2
DA:143,1
DA:145,1
DA:146,1
DA:147,1
DA:152,1
DA:154,1
DA:155,1
DA:156,1
DA:157,1
DA:158,1
DA:162,1
DA:163,1
DA:164,1
DA:165,1
DA:166,3
DA:168,2
DA:174,4
DA:180,1
DA:181,3
DA:183,1
DA:184,1
DA:185,3
DA:187,1
DA:188,1
DA:190,1
DA:192,1
DA:193,2
DA:195,1
DA:196,1
DA:198,1
DA:200,1
DA:201,1
DA:202,2
DA:204,0
DA:205,0
DA:207,2
DA:209,0
DA:210,2
DA:212,1
DA:214,1
DA:216,0
DA:217,0
DA:218,0
DA:220,0
DA:221,0
DA:222,0
DA:225,0
DA:228,0
DA:229,0
DA:230,0
DA:232,0
DA:234,0
DA:235,0
DA:236,0
DA:238,0
DA:241,0
DA:242,0
DA:248,2
DA:252,0
DA:260,1
DA:262,1
DA:277,1
DA:279,1
DA:282,1
DA:283,1
DA:284,0
DA:285,0
DA:294,1
DA:296,2
DA:297,3
DA:300,1
DA:304,3
DA:307,1
DA:308,1
DA:309,1
DA:311,1
DA:312,1
DA:314,0
LF:144
LH:113
end_of_record
SF:lib\presentation\provider\movie_detail_notifier.dart
DA:22,1
DA:31,2
DA:34,2
DA:37,2
DA:40,2
DA:43,2
DA:46,2
DA:48,1
DA:49,1
DA:50,1
DA:51,3
DA:52,3
DA:53,1
DA:54,1
DA:55,1
DA:56,2
DA:57,1
DA:59,1
DA:60,1
DA:61,1
DA:62,1
DA:63,1
DA:64,1
DA:65,1
DA:66,2
DA:68,1
DA:69,1
DA:70,1
DA:73,1
DA:74,1
DA:80,2
DA:82,1
DA:83,3
DA:85,2
DA:86,1
DA:87,2
DA:89,1
DA:90,1
DA:94,3
DA:97,1
DA:98,3
DA:100,2
DA:101,0
DA:102,0
DA:104,1
DA:105,1
DA:109,3
DA:112,1
DA:113,3
DA:114,1
DA:115,1
LF:51
LH:49
end_of_record
SF:lib\presentation\pages\popular_tv_shows_page.dart
DA:10,1
DA:11,1
DA:15,1
DA:17,1
DA:18,2
DA:19,2
DA:20,1
DA:23,1
DA:25,1
DA:26,1
DA:27,1
DA:29,1
DA:31,1
DA:32,1
DA:33,2
DA:34,1
DA:35,1
DA:37,2
DA:38,1
DA:39,0
DA:40,0
DA:41,0
DA:43,2
DA:46,1
DA:47,1
DA:48,2
LF:26
LH:23
end_of_record
SF:lib\presentation\provider\popular_tv_shows_notifier.dart
DA:9,1
DA:12,2
DA:15,2
DA:18,2
DA:20,1
DA:21,1
DA:22,1
DA:24,3
DA:26,1
DA:27,1
DA:28,2
DA:29,1
DA:30,1
DA:32,1
DA:33,1
DA:34,1
DA:35,1
LF:17
LH:17
end_of_record
SF:lib\presentation\pages\popular_movies_page.dart
DA:10,1
DA:11,1
DA:15,1
DA:17,1
DA:18,2
DA:19,2
DA:20,1
DA:23,1
DA:25,1
DA:26,1
DA:27,1
DA:29,1
DA:31,1
DA:32,1
DA:33,2
DA:34,1
DA:35,1
DA:37,2
DA:38,1
DA:39,0
DA:40,0
DA:41,0
DA:43,2
DA:46,1
DA:47,1
DA:48,2
LF:26
LH:23
end_of_record
SF:lib\presentation\provider\popular_movies_notifier.dart
DA:9,1
DA:12,2
DA:15,2
DA:18,2
DA:20,1
DA:21,1
DA:22,1
DA:24,3
DA:26,1
DA:27,1
DA:28,2
DA:29,1
DA:30,1
DA:32,1
DA:33,1
DA:34,1
DA:35,1
LF:17
LH:17
end_of_record
SF:lib\presentation\widgets\movie_card_list.dart
DA:10,1
DA:12,1
DA:14,1
DA:16,1
DA:17,0
DA:18,0
DA:21,0
DA:24,1
DA:26,1
DA:27,1
DA:28,1
DA:34,1
DA:36,1
DA:37,1
DA:38,2
DA:41,1
DA:43,1
DA:44,1
DA:45,2
DA:53,1
DA:58,1
DA:59,1
DA:60,3
DA:62,2
DA:63,1
DA:65,0
DA:67,2
LF:27
LH:23
end_of_record
SF:lib\presentation\pages\top_rated_movies_page.dart
DA:10,1
DA:11,1
DA:15,1
DA:17,1
DA:18,2
DA:19,2
DA:20,1
DA:23,1
DA:25,1
DA:26,1
DA:27,1
DA:29,1
DA:31,1
DA:32,1
DA:33,2
DA:34,1
DA:35,1
DA:37,2
DA:38,1
DA:39,0
DA:40,0
DA:41,0
DA:43,2
DA:46,1
DA:47,1
DA:48,2
LF:26
LH:23
end_of_record
SF:lib\presentation\provider\top_rated_movies_notifier.dart
DA:9,1
DA:12,2
DA:15,2
DA:18,2
DA:20,1
DA:21,1
DA:22,1
DA:24,3
DA:26,1
DA:27,1
DA:28,2
DA:29,1
DA:30,1
DA:32,1
DA:33,1
DA:34,1
DA:35,1
LF:17
LH:17
end_of_record
SF:lib\presentation\pages\top_rated_tv_shows_page.dart
DA:10,1
DA:11,1
DA:15,1
DA:17,1
DA:18,2
DA:19,2
DA:20,1
DA:23,1
DA:25,1
DA:26,1
DA:27,1
DA:29,1
DA:31,1
DA:32,1
DA:33,2
DA:34,1
DA:35,1
DA:37,2
DA:38,1
DA:39,0
DA:40,0
DA:41,0
DA:43,2
DA:46,1
DA:47,1
DA:48,2
LF:26
LH:23
end_of_record
SF:lib\presentation\provider\top_rated_tv_shows_notifier.dart
DA:9,1
DA:12,2
DA:15,2
DA:18,2
DA:20,1
DA:21,1
DA:22,1
DA:24,3
DA:26,1
DA:27,1
DA:28,2
DA:29,1
DA:30,1
DA:32,1
DA:33,1
DA:34,1
DA:35,1
LF:17
LH:17
end_of_record
SF:lib\presentation\provider\movie_list_notifier.dart
DA:10,2
DA:13,2
DA:16,2
DA:19,2
DA:22,2
DA:25,2
DA:28,2
DA:30,1
DA:40,1
DA:41,1
DA:42,1
DA:44,3
DA:45,1
DA:46,1
DA:47,1
DA:48,2
DA:49,1
DA:51,1
DA:52,1
DA:53,1
DA:54,1
DA:59,1
DA:60,1
DA:61,1
DA:63,3
DA:64,1
DA:65,1
DA:66,1
DA:67,2
DA:68,1
DA:70,1
DA:71,1
DA:72,1
DA:73,1
DA:78,1
DA:79,1
DA:80,1
DA:82,3
DA:83,1
DA:84,1
DA:85,1
DA:86,2
DA:87,1
DA:89,1
DA:90,1
DA:91,1
DA:92,1
LF:47
LH:47
end_of_record
SF:lib\presentation\provider\movie_search_notifier.dart
DA:9,1
DA:12,2
DA:15,2
DA:18,2
DA:20,1
DA:21,1
DA:22,1
DA:24,3
DA:25,1
DA:26,1
DA:27,2
DA:28,1
DA:29,1
DA:31,1
DA:32,1
DA:33,1
DA:34,1
DA:36,1
DA:37,0
DA:38,0
DA:39,0
LF:21
LH:18
end_of_record
SF:lib\presentation\provider\tv_show_list_notifier.dart
DA:10,2
DA:13,2
DA:16,2
DA:19,2
DA:22,2
DA:25,2
DA:28,2
DA:30,1
DA:40,1
DA:41,1
DA:42,1
DA:44,3
DA:45,1
DA:46,1
DA:47,1
DA:48,2
DA:49,1
DA:51,1
DA:52,1
DA:53,1
DA:54,1
DA:59,1
DA:60,1
DA:61,1
DA:63,3
DA:64,1
DA:65,1
DA:66,1
DA:67,2
DA:68,1
DA:70,1
DA:71,1
DA:72,1
DA:73,1
DA:78,1
DA:79,1
DA:80,1
DA:82,3
DA:83,1
DA:84,1
DA:85,1
DA:86,2
DA:87,1
DA:89,1
DA:90,1
DA:91,1
DA:92,1
LF:47
LH:47
end_of_record
SF:lib\presentation\provider\tv_show_search_notifier.dart
DA:9,1
DA:12,2
DA:15,2
DA:18,2
DA:20,1
DA:21,1
DA:22,1
DA:24,3
DA:25,1
DA:26,1
DA:27,2
DA:28,1
DA:29,1
DA:31,1
DA:32,1
DA:33,1
DA:34,1
DA:36,1
DA:37,1
DA:38,1
DA:39,1
LF:21
LH:21
end_of_record
SF:lib\presentation\provider\watchlist_movie_notifier.dart
DA:8,2
DA:11,2
DA:14,2
DA:16,1
DA:20,1
DA:21,1
DA:22,1
DA:24,3
DA:25,1
DA:26,1
DA:27,1
DA:28,2
DA:29,1
DA:31,1
DA:32,1
DA:33,1
DA:34,1
DA:36,1
DA:37,0
DA:38,0
DA:39,0
LF:21
LH:18
end_of_record
